<?xml version="1.0" encoding="UTF-8"?>
<!-- Generated by org.testng.reporters.JUnitXMLReporter -->
<testsuite ignored="2" hostname="LAPTOP-ONRAIVR5" failures="0" tests="2" name="Test" time="26.21" errors="0" timestamp="18 Jul 2024 07:49:44 GMT">
  <testcase classname="com.jasmine.tests.LoginTest" name="loginToShop" time="7.582"/>
  <testcase classname="com.jasmine.tests.CreateUserTest" name="createNewUser" time="4.521"/>
  <testcase classname="com.jasmine.drivers.BaseDriver" name="@AfterSuite CloseBrowser" time="0.0">
    <ignored/>
  </testcase> <!-- @AfterSuite CloseBrowser -->
  <testcase classname="com.jasmine.drivers.BaseDriver" name="@BeforeSuite startBrowser" time="0.0">
    <ignored/>
  </testcase> <!-- @BeforeSuite startBrowser -->
</testsuite> <!-- Test -->
