<?xml version="1.0" encoding="UTF-8"?>
<testng-results ignored="2" total="4" passed="2" failed="0" skipped="0">
  <reporter-output>
  </reporter-output>
  <suite started-at="2024-07-18T07:42:53Z" name="Suite" finished-at="2024-07-18T07:43:20Z" duration-ms="27212">
    <groups>
    </groups>
    <test started-at="2024-07-18T07:42:53Z" name="Test" finished-at="2024-07-18T07:43:20Z" duration-ms="27212">
      <class name="com.jasmine.tests.CreateUserTest">
        <test-method is-config="true" signature="OpenURL()[pri:0, instance:com.jasmine.tests.CreateUserTest@4ef37659]" started-at="2024-07-18T13:43:10Z" name="OpenURL" finished-at="2024-07-18T13:43:15Z" duration-ms="5586" status="PASS">
          <reporter-output>
          </reporter-output>
        </test-method> <!-- OpenURL -->
        <test-method signature="createNewUser()[pri:0, instance:com.jasmine.tests.CreateUserTest@4ef37659]" started-at="2024-07-18T13:43:15Z" name="createNewUser" finished-at="2024-07-18T13:43:20Z" duration-ms="4717" status="PASS">
          <reporter-output>
          </reporter-output>
        </test-method> <!-- createNewUser -->
        <test-method is-config="true" signature="report()[pri:0, instance:com.jasmine.tests.CreateUserTest@4ef37659]" started-at="2024-07-18T13:43:20Z" name="report" finished-at="2024-07-18T13:43:20Z" duration-ms="67" status="PASS">
          <reporter-output>
          </reporter-output>
        </test-method> <!-- report -->
      </class> <!-- com.jasmine.tests.CreateUserTest -->
      <class name="com.jasmine.tests.LoginTest">
        <test-method is-config="true" signature="startBrowser()[pri:0, instance:com.jasmine.tests.LoginTest@44a7bfbc]" started-at="2024-07-18T13:42:52Z" name="startBrowser" finished-at="2024-07-18T13:42:53Z" duration-ms="1478" status="PASS">
          <reporter-output>
          </reporter-output>
        </test-method> <!-- startBrowser -->
        <test-method is-config="true" signature="OpenURL()[pri:0, instance:com.jasmine.tests.LoginTest@44a7bfbc]" started-at="2024-07-18T13:42:53Z" name="OpenURL" finished-at="2024-07-18T13:43:01Z" duration-ms="8321" status="PASS">
          <reporter-output>
          </reporter-output>
        </test-method> <!-- OpenURL -->
        <test-method signature="loginToShop()[pri:0, instance:com.jasmine.tests.LoginTest@44a7bfbc]" started-at="2024-07-18T13:43:01Z" name="loginToShop" finished-at="2024-07-18T13:43:10Z" duration-ms="8254" status="PASS">
          <reporter-output>
          </reporter-output>
        </test-method> <!-- loginToShop -->
        <test-method is-config="true" signature="report()[pri:0, instance:com.jasmine.tests.LoginTest@44a7bfbc]" started-at="2024-07-18T13:43:10Z" name="report" finished-at="2024-07-18T13:43:10Z" duration-ms="239" status="PASS">
          <reporter-output>
          </reporter-output>
        </test-method> <!-- report -->
        <test-method is-config="true" signature="CloseBrowser()[pri:0, instance:com.jasmine.tests.LoginTest@44a7bfbc]" started-at="2024-07-18T13:43:20Z" name="CloseBrowser" finished-at="2024-07-18T13:43:20Z" duration-ms="95" status="PASS">
          <reporter-output>
          </reporter-output>
        </test-method> <!-- CloseBrowser -->
      </class> <!-- com.jasmine.tests.LoginTest -->
    </test> <!-- Test -->
  </suite> <!-- Suite -->
</testng-results>
