<?xml version="1.0" encoding="UTF-8"?>
<testng-results ignored="2" total="4" passed="2" failed="0" skipped="0">
  <reporter-output>
  </reporter-output>
  <suite started-at="2024-07-18T07:49:18Z" name="Suite" finished-at="2024-07-18T07:49:44Z" duration-ms="26210">
    <groups>
    </groups>
    <test started-at="2024-07-18T07:49:18Z" name="Test" finished-at="2024-07-18T07:49:44Z" duration-ms="26210">
      <class name="com.jasmine.tests.CreateUserTest">
        <test-method is-config="true" signature="OpenURL()[pri:0, instance:com.jasmine.tests.CreateUserTest@4ef37659]" started-at="2024-07-18T13:49:34Z" name="OpenURL" finished-at="2024-07-18T13:49:39Z" duration-ms="5654" status="PASS">
          <reporter-output>
          </reporter-output>
        </test-method> <!-- OpenURL -->
        <test-method signature="createNewUser()[pri:0, instance:com.jasmine.tests.CreateUserTest@4ef37659]" started-at="2024-07-18T13:49:39Z" name="createNewUser" finished-at="2024-07-18T13:49:44Z" duration-ms="4521" status="PASS">
          <reporter-output>
          </reporter-output>
        </test-method> <!-- createNewUser -->
        <test-method is-config="true" signature="report()[pri:0, instance:com.jasmine.tests.CreateUserTest@4ef37659]" started-at="2024-07-18T13:49:44Z" name="report" finished-at="2024-07-18T13:49:44Z" duration-ms="78" status="PASS">
          <reporter-output>
          </reporter-output>
        </test-method> <!-- report -->
      </class> <!-- com.jasmine.tests.CreateUserTest -->
      <class name="com.jasmine.tests.LoginTest">
        <test-method is-config="true" signature="startBrowser()[pri:0, instance:com.jasmine.tests.LoginTest@44a7bfbc]" started-at="2024-07-18T13:49:16Z" name="startBrowser" finished-at="2024-07-18T13:49:18Z" duration-ms="1931" status="PASS">
          <reporter-output>
          </reporter-output>
        </test-method> <!-- startBrowser -->
        <test-method is-config="true" signature="OpenURL()[pri:0, instance:com.jasmine.tests.LoginTest@44a7bfbc]" started-at="2024-07-18T13:49:18Z" name="OpenURL" finished-at="2024-07-18T13:49:26Z" duration-ms="8092" status="PASS">
          <reporter-output>
          </reporter-output>
        </test-method> <!-- OpenURL -->
        <test-method signature="loginToShop()[pri:0, instance:com.jasmine.tests.LoginTest@44a7bfbc]" started-at="2024-07-18T13:49:26Z" name="loginToShop" finished-at="2024-07-18T13:49:33Z" duration-ms="7582" status="PASS">
          <reporter-output>
          </reporter-output>
        </test-method> <!-- loginToShop -->
        <test-method is-config="true" signature="report()[pri:0, instance:com.jasmine.tests.LoginTest@44a7bfbc]" started-at="2024-07-18T13:49:33Z" name="report" finished-at="2024-07-18T13:49:34Z" duration-ms="271" status="PASS">
          <reporter-output>
          </reporter-output>
        </test-method> <!-- report -->
        <test-method is-config="true" signature="CloseBrowser()[pri:0, instance:com.jasmine.tests.LoginTest@44a7bfbc]" started-at="2024-07-18T13:49:44Z" name="CloseBrowser" finished-at="2024-07-18T13:49:44Z" duration-ms="119" status="PASS">
          <reporter-output>
          </reporter-output>
        </test-method> <!-- CloseBrowser -->
      </class> <!-- com.jasmine.tests.LoginTest -->
    </test> <!-- Test -->
  </suite> <!-- Suite -->
</testng-results>
